<<<<<<< HEAD
[03-Oct-2022 04:15:19 UTC] PHP Warning:  File upload error - unable to create a temporary file in Unknown on line 0
=======
[03-Oct-2022 04:08:58 UTC] PHP Warning:  File upload error - unable to create a temporary file in Unknown on line 0
[03-Oct-2022 04:09:51 UTC] PHP Warning:  File upload error - unable to create a temporary file in Unknown on line 0
[03-Oct-2022 04:10:06 UTC] PHP Warning:  File upload error - unable to create a temporary file in Unknown on line 0
[03-Oct-2022 04:10:35 UTC] PHP Warning:  File upload error - unable to create a temporary file in Unknown on line 0
[03-Oct-2022 04:10:50 UTC] PHP Warning:  File upload error - unable to create a temporary file in Unknown on line 0
[03-Oct-2022 04:11:00 UTC] PHP Warning:  File upload error - unable to create a temporary file in Unknown on line 0
[03-Oct-2022 04:11:08 UTC] PHP Warning:  File upload error - unable to create a temporary file in Unknown on line 0
[03-Oct-2022 04:11:58 UTC] PHP Warning:  File upload error - unable to create a temporary file in Unknown on line 0
[03-Oct-2022 04:12:15 UTC] PHP Warning:  File upload error - unable to create a temporary file in Unknown on line 0
[03-Oct-2022 04:12:39 UTC] PHP Warning:  File upload error - unable to create a temporary file in Unknown on line 0
[03-Oct-2022 04:14:11 UTC] PHP Warning:  File upload error - unable to create a temporary file in Unknown on line 0
[03-Oct-2022 04:21:52 UTC] PHP Warning:  File upload error - unable to create a temporary file in Unknown on line 0
[03-Oct-2022 04:25:41 UTC] PHP Warning:  File upload error - unable to create a temporary file in Unknown on line 0
[03-Oct-2022 04:25:47 UTC] PHP Warning:  File upload error - unable to create a temporary file in Unknown on line 0
[03-Oct-2022 04:25:55 UTC] PHP Warning:  File upload error - unable to create a temporary file in Unknown on line 0
>>>>>>> fd74f24d7cfeba7f7c5d0146d3dbdd606eec3911
[04-Oct-2022 05:15:58 UTC] PHP Warning:  Attempt to read property "method" on null in D:\sofia\Escritorio\Local\tintatex-web-page\tintatex\app\public\wp-content\plugins\git-updater-develop\src\Git_Updater\Shim.php on line 45
[04-Oct-2022 05:15:58 UTC] PHP Warning:  Attempt to read property "method" on null in D:\sofia\Escritorio\Local\tintatex-web-page\tintatex\app\public\wp-content\plugins\git-updater-develop\src\Git_Updater\Shim.php on line 52
[04-Oct-2022 05:15:58 UTC] PHP Fatal error:  Uncaught Error: Call to a member function move() on null in D:\sofia\Escritorio\Local\tintatex-web-page\tintatex\app\public\wp-content\plugins\git-updater-develop\src\Git_Updater\Shim.php:53
Stack trace:
#0 D:\sofia\Escritorio\Local\tintatex-web-page\tintatex\app\public\wp-content\plugins\git-updater-develop\src\Git_Updater\Bootstrap.php(168): move_dir('D:\\sofia\\Escrit...', 'D:\\sofia\\Escrit...')
#1 D:\sofia\Escritorio\Local\tintatex-web-page\tintatex\app\public\wp-includes\class-wp-hook.php(307): Fragen\Git_Updater\Bootstrap->rename_on_activation(false)
#2 D:\sofia\Escritorio\Local\tintatex-web-page\tintatex\app\public\wp-includes\class-wp-hook.php(331): WP_Hook->apply_filters('', Array)
#3 D:\sofia\Escritorio\Local\tintatex-web-page\tintatex\app\public\wp-includes\plugin.php(476): WP_Hook->do_action(Array)
#4 D:\sofia\Escritorio\Local\tintatex-web-page\tintatex\app\public\wp-admin\includes\plugin.php(691): do_action('activate_git-up...', false)
#5 D:\sofia\Escritorio\Local\tintatex-web-page\tintatex\app\public\wp-admin\plugins.php(58): activate_plugin('git-updater-dev...', 'http://tintatex...', false)
#6 {main}
  thrown in D:\sofia\Escritorio\Local\tintatex-web-page\tintatex\app\public\wp-content\plugins\git-updater-develop\src\Git_Updater\Shim.php on line 53
[04-Oct-2022 05:15:59 UTC] PHP Warning:  Attempt to read property "method" on null in D:\sofia\Escritorio\Local\tintatex-web-page\tintatex\app\public\wp-content\plugins\git-updater-develop\src\Git_Updater\Shim.php on line 45
[04-Oct-2022 05:15:59 UTC] PHP Warning:  Attempt to read property "method" on null in D:\sofia\Escritorio\Local\tintatex-web-page\tintatex\app\public\wp-content\plugins\git-updater-develop\src\Git_Updater\Shim.php on line 52
[04-Oct-2022 05:15:59 UTC] PHP Fatal error:  Uncaught Error: Call to a member function move() on null in D:\sofia\Escritorio\Local\tintatex-web-page\tintatex\app\public\wp-content\plugins\git-updater-develop\src\Git_Updater\Shim.php:53
Stack trace:
#0 D:\sofia\Escritorio\Local\tintatex-web-page\tintatex\app\public\wp-content\plugins\git-updater-develop\src\Git_Updater\Bootstrap.php(168): move_dir('D:\\sofia\\Escrit...', 'D:\\sofia\\Escrit...')
#1 D:\sofia\Escritorio\Local\tintatex-web-page\tintatex\app\public\wp-includes\class-wp-hook.php(307): Fragen\Git_Updater\Bootstrap->rename_on_activation('')
#2 D:\sofia\Escritorio\Local\tintatex-web-page\tintatex\app\public\wp-includes\class-wp-hook.php(331): WP_Hook->apply_filters('', Array)
#3 D:\sofia\Escritorio\Local\tintatex-web-page\tintatex\app\public\wp-includes\plugin.php(476): WP_Hook->do_action(Array)
#4 D:\sofia\Escritorio\Local\tintatex-web-page\tintatex\app\public\wp-admin\plugins.php(194): do_action('activate_git-up...')
#5 {main}
  thrown in D:\sofia\Escritorio\Local\tintatex-web-page\tintatex\app\public\wp-content\plugins\git-updater-develop\src\Git_Updater\Shim.php on line 53
[04-Oct-2022 05:15:59 UTC] PHP Warning:  Attempt to read property "method" on null in D:\sofia\Escritorio\Local\tintatex-web-page\tintatex\app\public\wp-content\plugins\git-updater-develop\src\Git_Updater\Shim.php on line 45
[04-Oct-2022 05:15:59 UTC] PHP Warning:  Attempt to read property "method" on null in D:\sofia\Escritorio\Local\tintatex-web-page\tintatex\app\public\wp-content\plugins\git-updater-develop\src\Git_Updater\Shim.php on line 52
[04-Oct-2022 05:15:59 UTC] PHP Fatal error:  Uncaught Error: Call to a member function move() on null in D:\sofia\Escritorio\Local\tintatex-web-page\tintatex\app\public\wp-content\plugins\git-updater-develop\src\Git_Updater\Shim.php:53
Stack trace:
#0 D:\sofia\Escritorio\Local\tintatex-web-page\tintatex\app\public\wp-content\plugins\git-updater-develop\src\Git_Updater\Bootstrap.php(168): move_dir('D:\\sofia\\Escrit...', 'D:\\sofia\\Escrit...')
#1 D:\sofia\Escritorio\Local\tintatex-web-page\tintatex\app\public\wp-includes\class-wp-hook.php(307): Fragen\Git_Updater\Bootstrap->rename_on_activation('')
#2 D:\sofia\Escritorio\Local\tintatex-web-page\tintatex\app\public\wp-includes\class-wp-hook.php(331): WP_Hook->apply_filters('', Array)
#3 D:\sofia\Escritorio\Local\tintatex-web-page\tintatex\app\public\wp-includes\plugin.php(476): WP_Hook->do_action(Array)
#4 D:\sofia\Escritorio\Local\tintatex-web-page\tintatex\app\public\wp-admin\plugins.php(194): do_action('activate_git-up...')
#5 {main}
  thrown in D:\sofia\Escritorio\Local\tintatex-web-page\tintatex\app\public\wp-content\plugins\git-updater-develop\src\Git_Updater\Shim.php on line 53
